<?xml version="1.0" encoding="UTF-8"?>
<!-- Generated by org.testng.reporters.JUnitXMLReporter -->
<testsuite ignored="0" hostname="DESKTOP-1CI10M1" failures="0" tests="4" name="Default test" time="0.405" errors="0" timestamp="2022-07-09T01:33:02 PDT">
  <testcase classname="com.Testng.SimpleTest" name="testMethodOne" time="0.055"/>
  <testcase classname="com.Testng.SimpleTest" name="testMethodOne" time="0.006"/>
  <testcase classname="com.Testng.SimpleTest" name="testMethodTwo" time="0.009"/>
  <testcase classname="com.Testng.SimpleTest" name="testMethodTwo" time="0.026"/>
</testsuite> <!-- Default test -->
