<?xml version="1.0" encoding="UTF-8"?>
<testng-results ignored="0" total="4" passed="4" failed="0" skipped="0">
  <reporter-output>
  </reporter-output>
  <suite started-at="2022-07-09T01:33:01 PDT" name="Default suite" finished-at="2022-07-09T01:33:02 PDT" duration-ms="405">
    <groups>
    </groups>
    <test started-at="2022-07-09T01:33:01 PDT" name="Default test" finished-at="2022-07-09T01:33:02 PDT" duration-ms="405">
      <class name="com.Testng.SimpleTest">
        <test-method signature="testMethodOne()[pri:0, instance:com.Testng.SimpleTest@3e84448c, instance params:[]]" started-at="2022-07-09T01:33:02 PDT" name="testMethodOne" finished-at="2022-07-09T01:33:02 PDT" duration-ms="55" status="PASS">
          <reporter-output>
          </reporter-output>
        </test-method> <!-- testMethodOne -->
        <test-method signature="testMethodOne()[pri:0, instance:com.Testng.SimpleTest@4d5b6aac, instance params:[]]" started-at="2022-07-09T01:33:02 PDT" name="testMethodOne" finished-at="2022-07-09T01:33:02 PDT" duration-ms="6" status="PASS">
          <reporter-output>
          </reporter-output>
        </test-method> <!-- testMethodOne -->
        <test-method signature="testMethodTwo()[pri:0, instance:com.Testng.SimpleTest@3e84448c, instance params:[]]" started-at="2022-07-09T01:33:02 PDT" name="testMethodTwo" finished-at="2022-07-09T01:33:02 PDT" duration-ms="9" status="PASS">
          <reporter-output>
          </reporter-output>
        </test-method> <!-- testMethodTwo -->
        <test-method signature="testMethodTwo()[pri:0, instance:com.Testng.SimpleTest@4d5b6aac, instance params:[]]" started-at="2022-07-09T01:33:02 PDT" name="testMethodTwo" finished-at="2022-07-09T01:33:02 PDT" duration-ms="26" status="PASS">
          <reporter-output>
          </reporter-output>
        </test-method> <!-- testMethodTwo -->
      </class> <!-- com.Testng.SimpleTest -->
    </test> <!-- Default test -->
  </suite> <!-- Default suite -->
</testng-results>
